[2025-09-06 13:45:30] Domain Hunter başlatıldı
[2025-09-06 13:45:30] Otomatik kontrol başlatılıyor...
[2025-09-06 13:45:48] Domain Hunter başlatıldı
[2025-09-06 13:45:48] Otomatik kontrol başlatılıyor...
[2025-09-06 13:45:48] Kontrol ediliyor: smartcloud.net
[2025-09-06 13:45:49] Kontrol ediliyor: pronft.info
[2025-09-06 13:45:50] Kontrol ediliyor: plusnft.net.tr
[2025-09-06 13:46:18] Domain Hunter başlatıldı
[2025-09-06 13:46:18] Otomatik kontrol başlatılıyor...
[2025-09-06 13:46:18] Kontrol ediliyor: techpro.org
[2025-09-06 13:46:19] Kontrol ediliyor: sellblockchain.net
[2025-09-06 13:46:20] Kontrol ediliyor: softwaretop.biz
[2025-09-06 13:46:33] Domain Hunter başlatıldı
[2025-09-06 13:46:33] Otomatik kontrol başlatılıyor...
[2025-09-06 13:46:33] Kontrol ediliyor: easyai.org
[2025-09-06 13:46:34] Kontrol ediliyor: superai.net
[2025-09-06 13:46:34] Kontrol ediliyor: superapp.org.tr
[2025-09-06 13:46:35] MÜSAİT DOMAIN BULUNDU: superapp.org.tr (Tahmini değer: 75 USD)
[2025-09-06 13:46:36] Kontrol ediliyor: fastweb.org.tr
[2025-09-06 13:46:36] MÜSAİT DOMAIN BULUNDU: fastweb.org.tr (Tahmini değer: 89 USD)
[2025-09-06 13:46:36] Kontrol ediliyor: datamax.io
[2025-09-06 13:46:37] Kontrol ediliyor: cryptoquick.io
[2025-09-06 13:46:38] Kontrol ediliyor: cryptoplus.co
[2025-09-06 13:46:38] Kontrol ediliyor: mobileget.org.tr
[2025-09-06 13:46:39] MÜSAİT DOMAIN BULUNDU: mobileget.org.tr (Tahmini değer: 75 USD)
[2025-09-06 13:46:39] Kontrol ediliyor: digitalmy.net.tr
[2025-09-06 13:46:40] MÜSAİT DOMAIN BULUNDU: digitalmy.net.tr (Tahmini değer: 75 USD)
[2025-09-06 13:46:40] Kontrol ediliyor: bestonline.biz
[2025-09-06 13:46:40] MÜSAİT DOMAIN BULUNDU: bestonline.biz (Tahmini değer: 30 USD)
[2025-09-06 13:46:41] Kontrol ediliyor: toponline.net.tr
[2025-09-06 13:46:41] MÜSAİT DOMAIN BULUNDU: toponline.net.tr (Tahmini değer: 75 USD)
[2025-09-06 13:46:42] Kontrol ediliyor: simpledev.org
[2025-09-06 13:46:43] Kontrol ediliyor: apisell.net.tr
[2025-09-06 13:46:44] MÜSAİT DOMAIN BULUNDU: apisell.net.tr (Tahmini değer: 75 USD)
[2025-09-06 13:46:44] Kontrol ediliyor: apismart.io
[2025-09-06 13:46:44] MÜSAİT DOMAIN BULUNDU: apismart.io (Tahmini değer: 180 USD)
[2025-09-06 13:46:45] Kontrol ediliyor: ultrapay.net
[2025-09-06 13:46:45] Kontrol ediliyor: plusloan.org.tr
[2025-09-06 13:46:46] MÜSAİT DOMAIN BULUNDU: plusloan.org.tr (Tahmini değer: 75 USD)
[2025-09-06 13:46:46] Kontrol ediliyor: getmarket.org.tr
[2025-09-06 13:46:47] MÜSAİT DOMAIN BULUNDU: getmarket.org.tr (Tahmini değer: 75 USD)
[2025-09-06 13:46:47] Kontrol ediliyor: companyplus.org.tr
[2025-09-06 13:46:48] MÜSAİT DOMAIN BULUNDU: companyplus.org.tr (Tahmini değer: 75 USD)
[2025-09-06 13:46:48] Kontrol ediliyor: oldcorp.io
[2025-09-06 13:46:49] MÜSAİT DOMAIN BULUNDU: oldcorp.io (Tahmini değer: 180 USD)
[2025-09-06 13:46:49] Kontrol ediliyor: doctormini.com.tr
[2025-09-06 13:46:50] MÜSAİT DOMAIN BULUNDU: doctormini.com.tr (Tahmini değer: 75 USD)
[2025-09-06 13:46:50] Kontrol ediliyor: beautybest.info
[2025-09-06 13:46:51] Kontrol ediliyor: carepro.info
[2025-09-06 13:46:52] Kontrol ediliyor: selldiet.info
[2025-09-06 13:46:53] Kontrol ediliyor: dietultra.org
[2025-09-06 13:46:53] MÜSAİT DOMAIN BULUNDU: dietultra.org (Tahmini değer: 45 USD)
[2025-09-06 13:46:54] Kontrol ediliyor: newlearn.com
[2025-09-06 13:46:54] Kontrol ediliyor: easyschool.org.tr
[2025-09-06 13:46:55] MÜSAİT DOMAIN BULUNDU: easyschool.org.tr (Tahmini değer: 75 USD)
[2025-09-06 13:46:55] Kontrol ediliyor: universityeasy.net
[2025-09-06 13:46:55] MÜSAİT DOMAIN BULUNDU: universityeasy.net (Tahmini değer: 36 USD)
[2025-09-06 13:46:56] Kontrol ediliyor: guidetop.info
[2025-09-06 13:46:57] Kontrol ediliyor: playsimple.net.tr
[2025-09-06 13:46:57] MÜSAİT DOMAIN BULUNDU: playsimple.net.tr (Tahmini değer: 75 USD)
[2025-09-06 13:46:58] Kontrol ediliyor: funmini.com
[2025-09-06 13:46:58] Kontrol ediliyor: friendmicro.info
[2025-09-06 13:46:59] Kontrol ediliyor: bigcommunity.com.tr
[2025-09-06 13:46:59] MÜSAİT DOMAIN BULUNDU: bigcommunity.com.tr (Tahmini değer: 75 USD)
[2025-09-06 13:47:00] Kontrol ediliyor: forumultra.com.tr
[2025-09-06 13:47:00] MÜSAİT DOMAIN BULUNDU: forumultra.com.tr (Tahmini değer: 75 USD)
[2025-09-06 13:47:01] Kontrol ediliyor: flightold.org.tr
[2025-09-06 13:47:02] MÜSAİT DOMAIN BULUNDU: flightold.org.tr (Tahmini değer: 75 USD)
[2025-09-06 13:47:02] Kontrol ediliyor: realpro.com.tr
[2025-09-06 13:47:03] Kontrol ediliyor: megaluxury.net.tr
[2025-09-06 13:47:04] MÜSAİT DOMAIN BULUNDU: megaluxury.net.tr (Tahmini değer: 75 USD)
[2025-09-06 13:47:04] Kontrol ediliyor: buyev.com.tr
[2025-09-06 13:47:05] MÜSAİT DOMAIN BULUNDU: buyev.com.tr (Tahmini değer: 270 USD)
[2025-09-06 13:47:05] Kontrol ediliyor: microhaber.io
[2025-09-06 13:47:05] MÜSAİT DOMAIN BULUNDU: microhaber.io (Tahmini değer: 180 USD)
[2025-09-06 13:47:06] Kontrol ediliyor: 9shop.co
[2025-09-06 13:47:06] MÜSAİT DOMAIN BULUNDU: 9shop.co (Tahmini değer: 323 USD)
[2025-09-06 13:47:06] Kontrol ediliyor: 13site.io
[2025-09-06 13:47:06] MÜSAİT DOMAIN BULUNDU: 13site.io (Tahmini değer: 431 USD)
[2025-09-06 13:47:07] Kontrol ediliyor: tech37.com.tr
[2025-09-06 13:47:07] MÜSAİT DOMAIN BULUNDU: tech37.com.tr (Tahmini değer: 179 USD)
[2025-09-06 13:47:08] Kontrol ediliyor: shop87.net
[2025-09-06 13:47:08] MÜSAİT DOMAIN BULUNDU: shop87.net (Tahmini değer: 86 USD)
[2025-09-06 13:47:08] Kontrol ediliyor: 90site.io
[2025-09-06 13:47:08] MÜSAİT DOMAIN BULUNDU: 90site.io (Tahmini değer: 431 USD)
[2025-09-06 13:47:09] Kontrol ediliyor: 116tech.info
[2025-09-06 13:47:10] Kontrol ediliyor: tech135.info
[2025-09-06 13:47:11] Kontrol ediliyor: web190.biz
[2025-09-06 13:47:11] MÜSAİT DOMAIN BULUNDU: web190.biz (Tahmini değer: 72 USD)
[2025-09-06 13:47:11] Kontrol ediliyor: 207app.info
[2025-09-06 13:47:12] Kontrol ediliyor: tech250.co
[2025-09-06 13:47:12] MÜSAİT DOMAIN BULUNDU: tech250.co (Tahmini değer: 107 USD)
[2025-09-06 13:47:12] Kontrol ediliyor: 267web.info
[2025-09-06 13:47:13] Kontrol ediliyor: 285tech.biz
[2025-09-06 13:47:13] MÜSAİT DOMAIN BULUNDU: 285tech.biz (Tahmini değer: 36 USD)
[2025-09-06 13:47:14] Kontrol ediliyor: 297app.co
[2025-09-06 13:47:14] MÜSAİT DOMAIN BULUNDU: 297app.co (Tahmini değer: 180 USD)
[2025-09-06 13:47:14] Kontrol ediliyor: 330tech.co
[2025-09-06 13:47:14] MÜSAİT DOMAIN BULUNDU: 330tech.co (Tahmini değer: 90 USD)
[2025-09-06 13:47:15] Kontrol ediliyor: 353shop.com
[2025-09-06 13:47:15] MÜSAİT DOMAIN BULUNDU: 353shop.com (Tahmini değer: 36 USD)
[2025-09-06 13:47:15] Kontrol ediliyor: 387shop.com
[2025-09-06 13:47:16] Kontrol ediliyor: app392.co
[2025-09-06 13:47:16] MÜSAİT DOMAIN BULUNDU: app392.co (Tahmini değer: 180 USD)
[2025-09-06 13:47:16] Kontrol ediliyor: 393site.biz
[2025-09-06 13:47:16] MÜSAİT DOMAIN BULUNDU: 393site.biz (Tahmini değer: 30 USD)
[2025-09-06 13:47:17] Kontrol ediliyor: 405shop.org
[2025-09-06 13:47:17] MÜSAİT DOMAIN BULUNDU: 405shop.org (Tahmini değer: 53 USD)
[2025-09-06 13:47:17] Kontrol ediliyor: 430site.co
[2025-09-06 13:47:18] MÜSAİT DOMAIN BULUNDU: 430site.co (Tahmini değer: 107 USD)
[2025-09-06 13:47:18] Kontrol ediliyor: 473site.co
[2025-09-06 13:47:18] MÜSAİT DOMAIN BULUNDU: 473site.co (Tahmini değer: 107 USD)
[2025-09-06 13:47:19] Kontrol ediliyor: app482.co
[2025-09-06 13:47:19] MÜSAİT DOMAIN BULUNDU: app482.co (Tahmini değer: 180 USD)
[2025-09-06 13:47:19] Kontrol ediliyor: site489.info
[2025-09-06 13:47:20] Kontrol ediliyor: 492web.biz
[2025-09-06 13:47:20] MÜSAİT DOMAIN BULUNDU: 492web.biz (Tahmini değer: 72 USD)
[2025-09-06 13:47:20] Kontrol ediliyor: 496web.org
[2025-09-06 13:47:21] MÜSAİT DOMAIN BULUNDU: 496web.org (Tahmini değer: 107 USD)
[2025-09-06 13:47:21] Kontrol ediliyor: 504shop.net.tr
[2025-09-06 13:47:22] MÜSAİT DOMAIN BULUNDU: 504shop.net.tr (Tahmini değer: 89 USD)
[2025-09-06 13:47:22] Kontrol ediliyor: web506.io
[2025-09-06 13:47:22] MÜSAİT DOMAIN BULUNDU: web506.io (Tahmini değer: 431 USD)
[2025-09-06 13:47:23] Kontrol ediliyor: 515web.net
[2025-09-06 13:47:23] Kontrol ediliyor: 527app.net
[2025-09-06 13:47:23] MÜSAİT DOMAIN BULUNDU: 527app.net (Tahmini değer: 72 USD)
[2025-09-06 13:47:24] Kontrol ediliyor: 538tech.org
[2025-09-06 13:47:24] MÜSAİT DOMAIN BULUNDU: 538tech.org (Tahmini değer: 53 USD)
[2025-09-06 13:47:25] Kontrol ediliyor: 564shop.com
[2025-09-06 13:47:25] Kontrol ediliyor: tech574.net.tr
[2025-09-06 13:47:26] MÜSAİT DOMAIN BULUNDU: tech574.net.tr (Tahmini değer: 89 USD)
[2025-09-06 13:47:26] Kontrol ediliyor: 580tech.biz
[2025-09-06 13:47:26] MÜSAİT DOMAIN BULUNDU: 580tech.biz (Tahmini değer: 36 USD)
[2025-09-06 13:47:27] Kontrol ediliyor: app593.org
[2025-09-06 13:47:28] MÜSAİT DOMAIN BULUNDU: app593.org (Tahmini değer: 90 USD)
[2025-09-06 13:47:28] Kontrol ediliyor: app600.org
[2025-09-06 13:47:28] MÜSAİT DOMAIN BULUNDU: app600.org (Tahmini değer: 90 USD)
[2025-09-06 13:47:29] Kontrol ediliyor: site619.org.tr
[2025-09-06 13:47:29] MÜSAİT DOMAIN BULUNDU: site619.org.tr (Tahmini değer: 89 USD)
[2025-09-06 13:47:30] Kontrol ediliyor: 633shop.org.tr
[2025-09-06 13:47:30] MÜSAİT DOMAIN BULUNDU: 633shop.org.tr (Tahmini değer: 75 USD)
[2025-09-06 13:47:31] Kontrol ediliyor: 662site.org
[2025-09-06 13:47:31] MÜSAİT DOMAIN BULUNDU: 662site.org (Tahmini değer: 45 USD)
[2025-09-06 13:47:31] Kontrol ediliyor: 706app.info
[2025-09-06 13:47:32] Kontrol ediliyor: tech709.biz
[2025-09-06 13:47:32] MÜSAİT DOMAIN BULUNDU: tech709.biz (Tahmini değer: 36 USD)
[2025-09-06 13:47:33] Kontrol ediliyor: 709tech.org.tr
[2025-09-06 13:47:33] MÜSAİT DOMAIN BULUNDU: 709tech.org.tr (Tahmini değer: 89 USD)
[2025-09-06 13:47:34] Kontrol ediliyor: 736app.info
[2025-09-06 13:47:34] Kontrol ediliyor: web745.net
[2025-09-06 13:47:34] MÜSAİT DOMAIN BULUNDU: web745.net (Tahmini değer: 86 USD)
[2025-09-06 13:47:35] Kontrol ediliyor: web759.org
[2025-09-06 13:47:35] MÜSAİT DOMAIN BULUNDU: web759.org (Tahmini değer: 107 USD)
[2025-09-06 13:47:36] Kontrol ediliyor: tech770.info
[2025-09-06 13:47:36] Kontrol ediliyor: 789app.com
[2025-09-06 13:47:37] Kontrol ediliyor: 826web.io
[2025-09-06 13:47:37] MÜSAİT DOMAIN BULUNDU: 826web.io (Tahmini değer: 431 USD)
[2025-09-06 13:47:38] Kontrol ediliyor: 848app.net
[2025-09-06 13:47:38] MÜSAİT DOMAIN BULUNDU: 848app.net (Tahmini değer: 72 USD)
[2025-09-06 13:47:38] Kontrol ediliyor: app850.com
[2025-09-06 13:47:38] MÜSAİT DOMAIN BULUNDU: app850.com (Tahmini değer: 72 USD)
[2025-09-06 13:47:39] Kontrol ediliyor: 862web.net.tr
[2025-09-06 13:47:39] MÜSAİT DOMAIN BULUNDU: 862web.net.tr (Tahmini değer: 179 USD)
[2025-09-06 13:47:40] Kontrol ediliyor: tech866.org
[2025-09-06 13:47:40] MÜSAİT DOMAIN BULUNDU: tech866.org (Tahmini değer: 45 USD)
[2025-09-06 13:47:40] Kontrol ediliyor: 866tech.org.tr
[2025-09-06 13:47:41] MÜSAİT DOMAIN BULUNDU: 866tech.org.tr (Tahmini değer: 75 USD)
[2025-09-06 13:47:41] Kontrol ediliyor: tech889.net.tr
[2025-09-06 13:47:42] MÜSAİT DOMAIN BULUNDU: tech889.net.tr (Tahmini değer: 75 USD)
[2025-09-06 13:47:42] Kontrol ediliyor: shop916.net.tr
[2025-09-06 13:47:43] MÜSAİT DOMAIN BULUNDU: shop916.net.tr (Tahmini değer: 89 USD)
[2025-09-06 13:47:43] Kontrol ediliyor: web919.biz
[2025-09-06 13:47:43] MÜSAİT DOMAIN BULUNDU: web919.biz (Tahmini değer: 60 USD)
[2025-09-06 13:47:44] Kontrol ediliyor: 924tech.io
[2025-09-06 13:47:44] MÜSAİT DOMAIN BULUNDU: 924tech.io (Tahmini değer: 215 USD)
[2025-09-06 13:47:45] Kontrol ediliyor: 925tech.biz
[2025-09-06 13:47:45] MÜSAİT DOMAIN BULUNDU: 925tech.biz (Tahmini değer: 36 USD)
[2025-09-06 13:47:45] Kontrol ediliyor: shop929.net.tr
[2025-09-06 13:47:46] MÜSAİT DOMAIN BULUNDU: shop929.net.tr (Tahmini değer: 75 USD)
[2025-09-06 13:47:46] Kontrol ediliyor: shop931.biz
[2025-09-06 13:47:46] MÜSAİT DOMAIN BULUNDU: shop931.biz (Tahmini değer: 36 USD)
[2025-09-06 13:47:47] Kontrol ediliyor: site934.info
[2025-09-06 13:47:48] Kontrol ediliyor: app970.biz
[2025-09-06 13:47:48] MÜSAİT DOMAIN BULUNDU: app970.biz (Tahmini değer: 60 USD)
[2025-09-06 13:47:48] Kontrol ediliyor: tech998.biz
[2025-09-06 13:47:48] MÜSAİT DOMAIN BULUNDU: tech998.biz (Tahmini değer: 30 USD)
[2025-09-06 13:47:49] Kontrol tamamlandı. 100 domain kontrol edildi, 72 müsait domain bulundu.
[2025-09-06 13:47:49] 72 yeni müsait domain bulundu!
[2025-09-06 13:48:06] Domain Hunter başlatıldı
[2025-09-06 13:48:06] Otomatik kontrol başlatılıyor...
[2025-09-06 13:48:06] Kontrol ediliyor: finance.net.tr
[2025-09-06 13:48:07] MÜSAİT DOMAIN BULUNDU: finance.net.tr (Tahmini değer: 75 USD)
[2025-09-06 13:48:07] Kontrol ediliyor: life.com.tr
[2025-09-06 13:48:08] Kontrol ediliyor: nanoai.io
[2025-09-06 13:48:09] Kontrol ediliyor: megadata.info
[2025-09-06 13:48:10] Kontrol ediliyor: fastcode.info
[2025-09-06 13:48:10] Kontrol ediliyor: bigmoney.io
[2025-09-06 13:48:11] Kontrol ediliyor: toptrade.co
[2025-09-06 13:48:12] Kontrol ediliyor: shopbig.net.tr
[2025-09-06 13:48:12] MÜSAİT DOMAIN BULUNDU: shopbig.net.tr (Tahmini değer: 89 USD)
[2025-09-06 13:48:12] Kontrol ediliyor: storemega.org.tr
[2025-09-06 13:48:13] MÜSAİT DOMAIN BULUNDU: storemega.org.tr (Tahmini değer: 75 USD)
[2025-09-06 13:48:13] Kontrol ediliyor: bestcash.net.tr
[2025-09-06 13:48:14] MÜSAİT DOMAIN BULUNDU: bestcash.net.tr (Tahmini değer: 75 USD)
[2025-09-06 13:48:14] Kontrol ediliyor: maxhealth.com
[2025-09-06 13:48:15] Kontrol ediliyor: ultrafitness.org
[2025-09-06 13:48:16] Kontrol ediliyor: buybeauty.com
[2025-09-06 13:48:16] Kontrol ediliyor: ultrabeauty.net
[2025-09-06 13:48:17] Kontrol ediliyor: minicare.co
[2025-09-06 13:48:17] Kontrol ediliyor: medicinemini.biz
[2025-09-06 13:48:18] MÜSAİT DOMAIN BULUNDU: medicinemini.biz (Tahmini değer: 30 USD)
[2025-09-06 13:48:18] Kontrol ediliyor: skillplus.net.tr
[2025-09-06 13:48:19] MÜSAİT DOMAIN BULUNDU: skillplus.net.tr (Tahmini değer: 75 USD)
[2025-09-06 13:48:19] Kontrol ediliyor: mastermini.net.tr
[2025-09-06 13:48:19] MÜSAİT DOMAIN BULUNDU: mastermini.net.tr (Tahmini değer: 75 USD)
[2025-09-06 13:48:20] Kontrol ediliyor: supergame.info
[2025-09-06 13:48:21] Kontrol ediliyor: playfast.net
[2025-09-06 13:48:21] Kontrol ediliyor: myfun.com
[2025-09-06 13:48:22] Kontrol ediliyor: megafun.biz
[2025-09-06 13:48:22] Kontrol ediliyor: bestnews.info
[2025-09-06 13:48:23] Kontrol ediliyor: realfast.info
[2025-09-06 13:48:24] Kontrol ediliyor: easyreal.org.tr
[2025-09-06 13:48:24] MÜSAİT DOMAIN BULUNDU: easyreal.org.tr (Tahmini değer: 75 USD)
[2025-09-06 13:48:25] Kontrol ediliyor: evpro.io
[2025-09-06 13:48:25] Kontrol ediliyor: egitimmicro.com
[2025-09-06 13:48:25] MÜSAİT DOMAIN BULUNDU: egitimmicro.com (Tahmini değer: 36 USD)
[2025-09-06 13:48:26] Kontrol ediliyor: selluygulama.com.tr
[2025-09-06 13:48:27] MÜSAİT DOMAIN BULUNDU: selluygulama.com.tr (Tahmini değer: 75 USD)
[2025-09-06 13:48:27] Kontrol ediliyor: megahaber.org.tr
[2025-09-06 13:48:28] MÜSAİT DOMAIN BULUNDU: megahaber.org.tr (Tahmini değer: 75 USD)
[2025-09-06 13:48:28] Kontrol ediliyor: getmuzik.info
[2025-09-06 13:48:29] Kontrol ediliyor: tech38.net
[2025-09-06 13:48:29] MÜSAİT DOMAIN BULUNDU: tech38.net (Tahmini değer: 86 USD)
[2025-09-06 13:48:29] Kontrol ediliyor: 68site.net
[2025-09-06 13:48:29] MÜSAİT DOMAIN BULUNDU: 68site.net (Tahmini değer: 86 USD)
[2025-09-06 13:48:30] Kontrol ediliyor: 75web.com.tr
[2025-09-06 13:48:30] MÜSAİT DOMAIN BULUNDU: 75web.com.tr (Tahmini değer: 270 USD)
[2025-09-06 13:48:31] Kontrol ediliyor: tech92.biz
[2025-09-06 13:48:31] MÜSAİT DOMAIN BULUNDU: tech92.biz (Tahmini değer: 72 USD)
[2025-09-06 13:48:31] Kontrol ediliyor: shop116.info
[2025-09-06 13:48:32] Kontrol ediliyor: site122.io
[2025-09-06 13:48:33] MÜSAİT DOMAIN BULUNDU: site122.io (Tahmini değer: 180 USD)
[2025-09-06 13:48:33] Kontrol ediliyor: shop128.io
[2025-09-06 13:48:33] MÜSAİT DOMAIN BULUNDU: shop128.io (Tahmini değer: 215 USD)
[2025-09-06 13:48:34] Kontrol ediliyor: tech137.org
[2025-09-06 13:48:34] MÜSAİT DOMAIN BULUNDU: tech137.org (Tahmini değer: 53 USD)
[2025-09-06 13:48:34] Kontrol ediliyor: 138web.biz
[2025-09-06 13:48:34] MÜSAİT DOMAIN BULUNDU: 138web.biz (Tahmini değer: 72 USD)
[2025-09-06 13:48:35] Kontrol ediliyor: 145web.biz
[2025-09-06 13:48:35] MÜSAİT DOMAIN BULUNDU: 145web.biz (Tahmini değer: 72 USD)
[2025-09-06 13:48:35] Kontrol ediliyor: 169web.org
[2025-09-06 13:48:36] MÜSAİT DOMAIN BULUNDU: 169web.org (Tahmini değer: 107 USD)
[2025-09-06 13:48:36] Kontrol ediliyor: tech181.net.tr
[2025-09-06 13:48:37] MÜSAİT DOMAIN BULUNDU: tech181.net.tr (Tahmini değer: 75 USD)
[2025-09-06 13:48:37] Kontrol ediliyor: tech195.net.tr
[2025-09-06 13:48:38] MÜSAİT DOMAIN BULUNDU: tech195.net.tr (Tahmini değer: 89 USD)
[2025-09-06 13:48:38] Kontrol ediliyor: web216.net.tr
[2025-09-06 13:48:39] MÜSAİT DOMAIN BULUNDU: web216.net.tr (Tahmini değer: 179 USD)
[2025-09-06 13:48:39] Kontrol ediliyor: 226web.biz
[2025-09-06 13:48:40] MÜSAİT DOMAIN BULUNDU: 226web.biz (Tahmini değer: 60 USD)
[2025-09-06 13:48:40] Kontrol ediliyor: tech231.biz
[2025-09-06 13:48:40] MÜSAİT DOMAIN BULUNDU: tech231.biz (Tahmini değer: 36 USD)
[2025-09-06 13:48:41] Kontrol ediliyor: app237.org
[2025-09-06 13:48:41] MÜSAİT DOMAIN BULUNDU: app237.org (Tahmini değer: 90 USD)
[2025-09-06 13:48:41] Kontrol ediliyor: 239app.org
[2025-09-06 13:48:42] MÜSAİT DOMAIN BULUNDU: 239app.org (Tahmini değer: 90 USD)
[2025-09-06 13:48:42] Kontrol ediliyor: shop241.net
[2025-09-06 13:48:42] MÜSAİT DOMAIN BULUNDU: shop241.net (Tahmini değer: 43 USD)
[2025-09-06 13:48:43] Kontrol ediliyor: 244shop.net.tr
[2025-09-06 13:48:43] MÜSAİT DOMAIN BULUNDU: 244shop.net.tr (Tahmini değer: 75 USD)
[2025-09-06 13:48:44] Kontrol ediliyor: tech251.org
[2025-09-06 13:48:45] MÜSAİT DOMAIN BULUNDU: tech251.org (Tahmini değer: 53 USD)
[2025-09-06 13:48:45] Kontrol ediliyor: tech254.org.tr
[2025-09-06 13:48:46] MÜSAİT DOMAIN BULUNDU: tech254.org.tr (Tahmini değer: 89 USD)
[2025-09-06 13:48:46] Kontrol ediliyor: 269app.org.tr
[2025-09-06 13:48:47] MÜSAİT DOMAIN BULUNDU: 269app.org.tr (Tahmini değer: 150 USD)
[2025-09-06 13:48:47] Kontrol ediliyor: site281.biz
[2025-09-06 13:48:47] MÜSAİT DOMAIN BULUNDU: site281.biz (Tahmini değer: 36 USD)
[2025-09-06 13:48:48] Kontrol ediliyor: shop294.biz
[2025-09-06 13:48:48] MÜSAİT DOMAIN BULUNDU: shop294.biz (Tahmini değer: 36 USD)
[2025-09-06 13:48:48] Kontrol ediliyor: 296site.info
[2025-09-06 13:48:49] Kontrol ediliyor: 300web.org
[2025-09-06 13:48:49] MÜSAİT DOMAIN BULUNDU: 300web.org (Tahmini değer: 90 USD)
[2025-09-06 13:48:50] Kontrol ediliyor: app306.com.tr
[2025-09-06 13:48:50] MÜSAİT DOMAIN BULUNDU: app306.com.tr (Tahmini değer: 150 USD)
[2025-09-06 13:48:51] Kontrol ediliyor: 313shop.com
[2025-09-06 13:48:51] Kontrol ediliyor: 318app.biz
[2025-09-06 13:48:51] MÜSAİT DOMAIN BULUNDU: 318app.biz (Tahmini değer: 60 USD)
[2025-09-06 13:48:52] Kontrol ediliyor: shop326.org.tr
[2025-09-06 13:48:52] MÜSAİT DOMAIN BULUNDU: shop326.org.tr (Tahmini değer: 89 USD)
[2025-09-06 13:48:53] Kontrol ediliyor: 334tech.info
[2025-09-06 13:48:53] Kontrol ediliyor: site337.org.tr
[2025-09-06 13:48:54] MÜSAİT DOMAIN BULUNDU: site337.org.tr (Tahmini değer: 75 USD)
[2025-09-06 13:48:54] Kontrol ediliyor: 352site.info
[2025-09-06 13:48:56] Kontrol ediliyor: web359.net
[2025-09-06 13:48:56] MÜSAİT DOMAIN BULUNDU: web359.net (Tahmini değer: 86 USD)
[2025-09-06 13:48:56] Kontrol ediliyor: 370shop.org
[2025-09-06 13:48:57] MÜSAİT DOMAIN BULUNDU: 370shop.org (Tahmini değer: 53 USD)
[2025-09-06 13:48:57] Kontrol ediliyor: web377.info
[2025-09-06 13:48:58] Kontrol ediliyor: 388app.com
[2025-09-06 13:48:59] Kontrol ediliyor: tech411.com
[2025-09-06 13:48:59] Kontrol ediliyor: site419.biz
[2025-09-06 13:48:59] MÜSAİT DOMAIN BULUNDU: site419.biz (Tahmini değer: 36 USD)
[2025-09-06 13:49:00] Kontrol ediliyor: 430tech.org
[2025-09-06 13:49:00] MÜSAİT DOMAIN BULUNDU: 430tech.org (Tahmini değer: 53 USD)
[2025-09-06 13:49:01] Kontrol ediliyor: 469app.net
[2025-09-06 13:49:01] MÜSAİT DOMAIN BULUNDU: 469app.net (Tahmini değer: 72 USD)
[2025-09-06 13:49:01] Kontrol ediliyor: shop503.io
[2025-09-06 13:49:01] MÜSAİT DOMAIN BULUNDU: shop503.io (Tahmini değer: 215 USD)
[2025-09-06 13:49:02] Kontrol ediliyor: site518.com.tr
[2025-09-06 13:49:02] MÜSAİT DOMAIN BULUNDU: site518.com.tr (Tahmini değer: 89 USD)
[2025-09-06 13:49:03] Kontrol ediliyor: site526.com
[2025-09-06 13:49:03] MÜSAİT DOMAIN BULUNDU: site526.com (Tahmini değer: 43 USD)
[2025-09-06 13:49:03] Kontrol ediliyor: app542.net.tr
[2025-09-06 13:49:03] MÜSAİT DOMAIN BULUNDU: app542.net.tr (Tahmini değer: 150 USD)
[2025-09-06 13:49:04] Kontrol ediliyor: 548web.info
[2025-09-06 13:49:05] Kontrol ediliyor: 570app.net.tr
[2025-09-06 13:49:05] MÜSAİT DOMAIN BULUNDU: 570app.net.tr (Tahmini değer: 150 USD)
[2025-09-06 13:49:05] Kontrol ediliyor: site577.net
[2025-09-06 13:49:05] MÜSAİT DOMAIN BULUNDU: site577.net (Tahmini değer: 36 USD)
[2025-09-06 13:49:06] Kontrol ediliyor: tech615.net.tr
[2025-09-06 13:49:06] MÜSAİT DOMAIN BULUNDU: tech615.net.tr (Tahmini değer: 89 USD)
[2025-09-06 13:49:07] Kontrol ediliyor: 621app.io
[2025-09-06 13:49:07] MÜSAİT DOMAIN BULUNDU: 621app.io (Tahmini değer: 360 USD)
[2025-09-06 13:49:07] Kontrol ediliyor: 622tech.net.tr
[2025-09-06 13:49:08] MÜSAİT DOMAIN BULUNDU: 622tech.net.tr (Tahmini değer: 75 USD)
[2025-09-06 13:49:09] Kontrol ediliyor: 701app.com
[2025-09-06 13:49:09] Kontrol ediliyor: 715web.com
[2025-09-06 13:49:10] Kontrol ediliyor: tech762.org
[2025-09-06 13:49:10] MÜSAİT DOMAIN BULUNDU: tech762.org (Tahmini değer: 53 USD)
[2025-09-06 13:49:10] Kontrol ediliyor: site770.info
[2025-09-06 13:49:11] Kontrol ediliyor: site796.io
[2025-09-06 13:49:11] MÜSAİT DOMAIN BULUNDU: site796.io (Tahmini değer: 215 USD)
[2025-09-06 13:49:12] Kontrol ediliyor: tech801.io
[2025-09-06 13:49:12] MÜSAİT DOMAIN BULUNDU: tech801.io (Tahmini değer: 215 USD)
[2025-09-06 13:49:13] Kontrol ediliyor: web802.co
[2025-09-06 13:49:13] MÜSAİT DOMAIN BULUNDU: web802.co (Tahmini değer: 215 USD)
[2025-09-06 13:49:13] Kontrol ediliyor: 843shop.info
[2025-09-06 13:49:14] Kontrol ediliyor: 862shop.com
[2025-09-06 13:49:14] MÜSAİT DOMAIN BULUNDU: 862shop.com (Tahmini değer: 43 USD)
[2025-09-06 13:49:14] Kontrol ediliyor: app871.biz
[2025-09-06 13:49:14] MÜSAİT DOMAIN BULUNDU: app871.biz (Tahmini değer: 60 USD)
[2025-09-06 13:49:15] Kontrol ediliyor: site871.com.tr
[2025-09-06 13:49:15] MÜSAİT DOMAIN BULUNDU: site871.com.tr (Tahmini değer: 89 USD)
[2025-09-06 13:49:16] Kontrol ediliyor: 889shop.org
[2025-09-06 13:49:16] MÜSAİT DOMAIN BULUNDU: 889shop.org (Tahmini değer: 45 USD)
[2025-09-06 13:49:17] Kontrol ediliyor: app896.biz
[2025-09-06 13:49:17] MÜSAİT DOMAIN BULUNDU: app896.biz (Tahmini değer: 60 USD)
[2025-09-06 13:49:17] Kontrol ediliyor: site905.net.tr
[2025-09-06 13:49:17] MÜSAİT DOMAIN BULUNDU: site905.net.tr (Tahmini değer: 89 USD)
[2025-09-06 13:49:18] Kontrol ediliyor: 925shop.info
[2025-09-06 13:49:19] Kontrol ediliyor: shop976.io
[2025-09-06 13:49:19] MÜSAİT DOMAIN BULUNDU: shop976.io (Tahmini değer: 215 USD)
[2025-09-06 13:49:19] Kontrol ediliyor: shop978.co
[2025-09-06 13:49:19] MÜSAİT DOMAIN BULUNDU: shop978.co (Tahmini değer: 107 USD)
[2025-09-06 13:49:20] Kontrol ediliyor: 999shop.org.tr
[2025-09-06 13:49:20] MÜSAİT DOMAIN BULUNDU: 999shop.org.tr (Tahmini değer: 75 USD)
[2025-09-06 13:49:21] Kontrol tamamlandı. 100 domain kontrol edildi, 67 müsait domain bulundu.
[2025-09-06 13:49:21] 67 yeni müsait domain bulundu!
[2025-09-06 13:49:30] Domain Hunter başlatıldı
[2025-09-06 13:49:46] Domain Hunter başlatıldı
[2025-09-06 13:49:52] Domain Hunter başlatıldı
